<?xml version="1.0" encoding="UTF-8"?>
<!-- Generated by org.testng.reporters.JUnitReportReporter -->
<testsuite hostname="LAPTOP-NH6RVP77" failures="0" tests="4" name="TestCases.RunTestCases" time="90.389" errors="0" timestamp="2021-05-18T13:33:47 IST" skipped="0">
  <testcase classname="TestCases.RunTestCases" name="openBrowserTab" time="16.072"/>
  <system-out/>
  <testcase classname="TestCases.RunTestCases" name="PrintHospitals" time="21.362"/>
  <system-out/>
  <testcase classname="TestCases.RunTestCases" name="PrintTopCities" time="16.356"/>
  <system-out/>
  <testcase classname="TestCases.RunTestCases" name="CaptureMessage" time="36.599"/>
  <system-out/>
</testsuite> <!-- TestCases.RunTestCases -->
